<?xml version="1.0" encoding="UTF-8"?>
<!-- Generated by org.testng.reporters.JUnitReportReporter -->
<testsuite skipped="0" hostname="LAPTOP-OAS5Q4RE" name="getRequest.TestNGTodo" tests="1" failures="0" timestamp="31 Oct 2019 21:11:56 GMT" time="7.475" errors="0">
  <testcase name="testSimple" time="7.475" classname="getRequest.TestNGTodo"/>
</testsuite> <!-- getRequest.TestNGTodo -->
