<?xml version="1.0" encoding="UTF-8"?>
<!-- Generated by org.testng.reporters.JUnitReportReporter -->
<testsuite skipped="0" hostname="LAPTOP-OAS5Q4RE" name="frame.accesstoken" tests="1" failures="0" timestamp="30 Oct 2019 18:47:09 GMT" time="6.323" errors="0">
  <testcase name="token" time="6.323" classname="frame.accesstoken"/>
</testsuite> <!-- frame.accesstoken -->
