<?xml version="1.0" encoding="UTF-8"?>
<!-- Generated by org.testng.reporters.JUnitReportReporter -->
<testsuite skipped="0" hostname="LAPTOP-OAS5Q4RE" name="getRequest.postDeletePut2" tests="1" failures="0" timestamp="28 Oct 2019 15:24:32 GMT" time="2.172" errors="0">
  <testcase name="post" time="2.172" classname="getRequest.postDeletePut2"/>
</testsuite> <!-- getRequest.postDeletePut2 -->
