<?xml version="1.0" encoding="UTF-8"?>
<!-- Generated by org.testng.reporters.JUnitReportReporter -->
<testsuite skipped="0" hostname="LAPTOP-OAS5Q4RE" name="getRequest.postDeletePut" tests="1" failures="0" timestamp="28 Oct 2019 15:30:27 GMT" time="1.873" errors="0">
  <testcase name="post" time="1.873" classname="getRequest.postDeletePut"/>
</testsuite> <!-- getRequest.postDeletePut -->
