<?xml version="1.0" encoding="UTF-8"?>
<!-- Generated by org.testng.reporters.JUnitReportReporter -->
<testsuite skipped="0" hostname="LAPTOP-OAS5Q4RE" name="getRequest.postDeletePut3" tests="1" failures="0" timestamp="28 Oct 2019 15:31:57 GMT" time="1.616" errors="0">
  <testcase name="post" time="1.616" classname="getRequest.postDeletePut3"/>
</testsuite> <!-- getRequest.postDeletePut3 -->
