<?xml version="1.0" encoding="UTF-8"?>
<!-- Generated by org.testng.reporters.JUnitReportReporter -->
<testsuite skipped="0" hostname="LAPTOP-OAS5Q4RE" name="frame.agentsinfo" tests="1" failures="0" timestamp="28 Oct 2019 19:00:02 GMT" time="3.844" errors="0">
  <testcase name="agent" time="3.844" classname="frame.agentsinfo"/>
</testsuite> <!-- frame.agentsinfo -->
